<?xml version="1.0" encoding="UTF-8"?>
<!-- Generated by org.testng.reporters.JUnitXMLReporter -->
<testsuite ignored="1" hostname="LAPTOP-TUUDI5E4" failures="0" tests="1" name="Error validation Test" time="3.785" errors="0" timestamp="20 Feb 2024 16:00:25 GMT">
  <testcase classname="rahulshettyacademy.tests.ErrorValidationsTest" name="LoginErrorvalidation" time="0.553"/>
  <testcase classname="rahulshettyacademy.tests.ErrorValidationsTest" name="productErrorValidation" time="0.0">
    <ignored/>
  </testcase> <!-- productErrorValidation -->
</testsuite> <!-- Error validation Test -->
