<?xml version="1.0" encoding="UTF-8"?>
<!-- Generated by org.testng.reporters.JUnitXMLReporter -->
<testsuite ignored="0" hostname="LAPTOP-TUUDI5E4" failures="0" tests="2" name="Error validation Test" time="11.803" errors="0" timestamp="21 Feb 2024 15:55:15 GMT">
  <testcase classname="rahulshettyacademy.tests.ErrorValidationsTest" name="LoginErrorvalidation" time="0.76"/>
  <testcase classname="rahulshettyacademy.tests.ErrorValidationsTest" name="productErrorValidation" time="2.628"/>
</testsuite> <!-- Error validation Test -->
